[2026-04-13 05:38:04 UTC] Unauthorized API request {"path":"/GSS/api/shared/candidate_report_get.php?application_id=APP-20260409152306290"}
[2026-04-13 05:50:28 UTC] Unauthorized API request {"path":"/GSS/api/shared/case_workflow_snapshot.php?application_id=APP-20260411150358249"}
[2026-04-13 05:50:28 UTC] Unauthorized API request {"path":"/GSS/api/shared/candidate_report_get.php?application_id=APP-20260411150358249"}
[2026-04-13 06:07:47 UTC] Unauthorized API request {"path":"/GSS/api/shared/case_workflow_snapshot.php?application_id=APP-20260409152306290"}
[2026-04-13 06:07:47 UTC] Unauthorized API request {"path":"/GSS/api/shared/candidate_report_get.php?application_id=APP-20260409152306290"}
[2026-04-13 07:19:03 UTC] Unauthorized API request {"path":"/GSS/api/shared/my_assigned_applications.php"}
[2026-04-13 07:19:12 UTC] Unauthorized API request {"path":"/GSS/api/shared/my_assigned_applications.php"}
[2026-04-13 07:21:17 UTC] Unauthorized API request {"path":"/GSS/api/shared/my_assigned_applications.php"}
[2026-04-13 10:15:46 UTC] Unauthorized API request {"path":"/GSS/api/shared/my_assigned_applications.php"}
[2026-04-13 10:15:49 UTC] Unauthorized API request {"path":"/GSS/api/shared/my_assigned_applications.php"}
[2026-04-13 10:16:09 UTC] Unauthorized API request {"path":"/GSS/api/shared/my_assigned_applications.php"}
[2026-04-13 10:16:11 UTC] Unauthorized API request {"path":"/GSS/api/shared/my_assigned_applications.php"}
[2026-04-13 10:24:46 UTC] Unauthorized API request {"path":"/GSS/api/shared/my_assigned_applications.php"}
[2026-04-13 10:25:20 UTC] Unauthorized API request {"path":"/GSS/api/shared/my_assigned_applications.php"}
[2026-04-13 10:26:18 UTC] Unauthorized API request {"path":"/GSS/api/shared/my_assigned_applications.php"}
[2026-04-13 10:26:49 UTC] Unauthorized API request {"path":"/GSS/api/shared/my_assigned_applications.php"}
[2026-04-13 10:27:01 UTC] Unauthorized API request {"path":"/GSS/api/shared/my_assigned_applications.php"}
[2026-04-13 10:27:04 UTC] Unauthorized API request {"path":"/GSS/api/shared/my_assigned_applications.php"}
[2026-04-13 10:32:49 UTC] Unauthorized API request {"path":"/GSS/api/shared/my_assigned_applications.php"}
[2026-04-13 10:33:07 UTC] Unauthorized API request {"path":"/GSS/api/shared/my_assigned_applications.php"}
[2026-04-13 10:47:43 UTC] Unauthorized API request {"path":"/GSS/api/shared/my_assigned_applications.php"}
[2026-04-13 10:49:26 UTC] Unauthorized API request {"path":"/GSS/api/shared/my_assigned_applications.php"}
[2026-04-13 10:56:24 UTC] Unauthorized API request {"path":"/GSS/api/shared/my_assigned_applications.php"}
[2026-04-13 10:57:40 UTC] Unauthorized API request {"path":"/GSS/api/shared/my_assigned_applications.php"}
[2026-04-13 10:57:42 UTC] Unauthorized API request {"path":"/GSS/api/shared/my_assigned_applications.php"}
[2026-04-13 10:57:48 UTC] Unauthorized API request {"path":"/GSS/api/shared/my_assigned_applications.php"}
[2026-04-13 10:57:50 UTC] Unauthorized API request {"path":"/GSS/api/shared/my_assigned_applications.php"}
[2026-04-13 10:58:01 UTC] Unauthorized API request {"path":"/GSS/api/shared/my_assigned_applications.php"}
[2026-04-13 10:58:05 UTC] Unauthorized API request {"path":"/GSS/api/shared/my_assigned_applications.php"}
[2026-04-13 11:01:51 UTC] Unauthorized API request {"path":"/GSS/api/shared/my_assigned_applications.php"}
[2026-04-13 11:06:13 UTC] Unauthorized API request {"path":"/GSS/api/shared/my_assigned_applications.php"}
[2026-04-13 11:58:29 UTC] Unauthorized API request {"path":"/GSS/api/shared/my_assigned_applications.php"}
[2026-04-13 12:00:10 UTC] Unauthorized API request {"path":"/GSS/api/shared/my_assigned_applications.php"}
[2026-04-13 12:00:16 UTC] Unauthorized API request {"path":"/GSS/api/shared/my_assigned_applications.php"}
[2026-04-14 05:35:49 UTC] Unauthorized API request {"path":"/GSS/api/shared/my_assigned_applications.php"}
[2026-04-14 07:51:55 UTC] Unauthorized API request {"path":"/GSS/api/shared/candidate_report_get.php?application_id=APP-20260409152306290"}
[2026-04-14 12:44:58 UTC] Unauthorized API request {"path":"/GSS/api/shared/case_workflow_snapshot.php?application_id=APP-20260409150135652"}
[2026-04-14 12:44:58 UTC] Unauthorized API request {"path":"/GSS/api/shared/candidate_report_get.php?application_id=APP-20260409150135652"}
[2026-04-14 13:17:57 UTC] Unauthorized API request {"path":"/GSS/api/shared/case_workflow_snapshot.php?application_id=APP-20260409150135652"}
[2026-04-14 13:17:57 UTC] Unauthorized API request {"path":"/GSS/api/shared/candidate_report_get.php?application_id=APP-20260409150135652"}
[2026-04-14 13:19:27 UTC] Unauthorized API request {"path":"/GSS/api/shared/case_workflow_snapshot.php?application_id=APP-20260211112833766"}
[2026-04-14 13:19:27 UTC] Unauthorized API request {"path":"/GSS/api/shared/candidate_report_get.php?application_id=APP-20260211112833766"}
[2026-04-14 13:56:00 UTC] Unauthorized API request {"path":"/GSS/api/shared/case_workflow_snapshot.php?application_id=APP-20260409150135652"}
[2026-04-14 13:56:00 UTC] Unauthorized API request {"path":"/GSS/api/shared/candidate_report_get.php?application_id=APP-20260409150135652"}
[2026-04-14 13:56:11 UTC] Unauthorized API request {"path":"/GSS/api/shared/case_workflow_snapshot.php?application_id=APP-20260409150135652"}
[2026-04-14 13:56:11 UTC] Unauthorized API request {"path":"/GSS/api/shared/candidate_report_get.php?application_id=APP-20260409150135652"}
[2026-04-15 05:10:18 UTC] Unauthorized API request {"path":"/GSS/api/shared/case_workflow_snapshot.php?application_id=APP-20260211112833766"}
[2026-04-15 05:10:18 UTC] Unauthorized API request {"path":"/GSS/api/shared/candidate_report_get.php?application_id=APP-20260211112833766"}
[2026-04-15 05:14:14 UTC] Unauthorized API request {"path":"/GSS/api/shared/case_workflow_snapshot.php?application_id=APP-20260211125723738"}
[2026-04-15 05:14:14 UTC] Unauthorized API request {"path":"/GSS/api/shared/candidate_report_get.php?application_id=APP-20260211125723738"}
[2026-04-15 05:20:17 UTC] Unauthorized API request {"path":"/GSS/api/shared/case_workflow_snapshot.php?application_id=APP-20260211125723738"}
[2026-04-15 05:20:17 UTC] Unauthorized API request {"path":"/GSS/api/shared/candidate_report_get.php?application_id=APP-20260211125723738"}
[2026-04-15 05:20:29 UTC] Unauthorized API request {"path":"/GSS/api/shared/candidate_report_get.php?application_id=APP-20260409152306290"}
[2026-04-15 05:34:37 UTC] Unauthorized API request {"path":"/GSS/api/shared/case_workflow_snapshot.php?application_id=APP-20260211112833766"}
[2026-04-15 05:34:37 UTC] Unauthorized API request {"path":"/GSS/api/shared/candidate_report_get.php?application_id=APP-20260211112833766"}
[2026-04-15 05:35:08 UTC] Unauthorized API request {"path":"/GSS/api/shared/case_workflow_snapshot.php?application_id=APP-20260211112833766"}
[2026-04-15 05:35:08 UTC] Unauthorized API request {"path":"/GSS/api/shared/candidate_report_get.php?application_id=APP-20260211112833766"}
[2026-04-15 05:35:16 UTC] Unauthorized API request {"path":"/GSS/api/shared/case_workflow_snapshot.php?application_id=APP-20260211125723738"}
[2026-04-15 05:35:16 UTC] Unauthorized API request {"path":"/GSS/api/shared/candidate_report_get.php?application_id=APP-20260211125723738"}
[2026-04-15 06:42:12 UTC] Unauthorized API request {"path":"/GSS/api/shared/case_workflow_snapshot.php?application_id=APP-20260211125723738"}
[2026-04-15 06:42:12 UTC] Unauthorized API request {"path":"/GSS/api/shared/candidate_report_get.php?application_id=APP-20260211125723738"}
[2026-04-15 06:43:16 UTC] Unauthorized API request {"path":"/GSS/api/shared/case_workflow_snapshot.php?application_id=APP-20260211125723738"}
[2026-04-15 06:43:16 UTC] Unauthorized API request {"path":"/GSS/api/shared/candidate_report_get.php?application_id=APP-20260211125723738"}
[2026-04-15 07:19:39 UTC] Unauthorized API request {"path":"/GSS/api/shared/case_workflow_snapshot.php?application_id=APP-20260211125723738"}
[2026-04-15 07:19:39 UTC] Unauthorized API request {"path":"/GSS/api/shared/candidate_report_get.php?application_id=APP-20260211125723738"}
[2026-04-15 07:19:51 UTC] Unauthorized API request {"path":"/GSS/api/shared/case_workflow_snapshot.php?application_id=APP-20260404152516127"}
[2026-04-15 07:19:51 UTC] Unauthorized API request {"path":"/GSS/api/shared/candidate_report_get.php?application_id=APP-20260404152516127"}
[2026-04-15 07:20:02 UTC] Unauthorized API request {"path":"/GSS/api/shared/case_workflow_snapshot.php?application_id=APP-20260404152516127"}
[2026-04-15 07:20:02 UTC] Unauthorized API request {"path":"/GSS/api/shared/candidate_report_get.php?application_id=APP-20260404152516127"}
[2026-04-15 07:20:10 UTC] Unauthorized API request {"path":"/GSS/api/shared/case_workflow_snapshot.php?application_id=APP-20260409152306290"}
[2026-04-15 07:20:10 UTC] Unauthorized API request {"path":"/GSS/api/shared/candidate_report_get.php?application_id=APP-20260409152306290"}
[2026-04-15 07:21:57 UTC] Unauthorized API request {"path":"/GSS/api/shared/case_workflow_snapshot.php?application_id=APP-20260211125723738"}
[2026-04-15 07:21:57 UTC] Unauthorized API request {"path":"/GSS/api/shared/candidate_report_get.php?application_id=APP-20260211125723738"}
[2026-04-15 07:22:30 UTC] Unauthorized API request {"path":"/GSS/api/shared/case_workflow_snapshot.php?application_id=APP-20260211125723738"}
[2026-04-15 07:22:30 UTC] Unauthorized API request {"path":"/GSS/api/shared/candidate_report_get.php?application_id=APP-20260211125723738"}
[2026-04-15 08:53:06 UTC] Unauthorized API request {"path":"/GSS/api/shared/case_workflow_snapshot.php?application_id=APP-20260211112833766"}
[2026-04-15 08:53:06 UTC] Unauthorized API request {"path":"/GSS/api/shared/candidate_report_get.php?application_id=APP-20260211112833766"}
[2026-04-15 09:05:48 UTC] Unauthorized API request {"path":"/GSS/api/shared/case_workflow_snapshot.php?application_id=APP-20260211125723738"}
[2026-04-15 09:05:48 UTC] Unauthorized API request {"path":"/GSS/api/shared/candidate_report_get.php?application_id=APP-20260211125723738"}
[2026-04-15 09:05:52 UTC] Unauthorized API request {"path":"/GSS/api/shared/case_workflow_snapshot.php?application_id=APP-20260404152516127"}
[2026-04-15 09:05:52 UTC] Unauthorized API request {"path":"/GSS/api/shared/candidate_report_get.php?application_id=APP-20260404152516127"}
[2026-04-15 09:06:03 UTC] Unauthorized API request {"path":"/GSS/api/shared/case_workflow_snapshot.php?application_id=APP-20260409085630961"}
[2026-04-15 09:06:03 UTC] Unauthorized API request {"path":"/GSS/api/shared/candidate_report_get.php?application_id=APP-20260409085630961"}
[2026-04-15 09:06:32 UTC] Unauthorized API request {"path":"/GSS/api/shared/case_workflow_snapshot.php?application_id=APP-20260211112833766"}
[2026-04-15 09:06:32 UTC] Unauthorized API request {"path":"/GSS/api/shared/candidate_report_get.php?application_id=APP-20260211112833766"}
[2026-04-15 09:06:41 UTC] Unauthorized API request {"path":"/GSS/api/shared/case_workflow_snapshot.php?application_id=APP-20260211125723738"}
[2026-04-15 09:06:41 UTC] Unauthorized API request {"path":"/GSS/api/shared/candidate_report_get.php?application_id=APP-20260211125723738"}
[2026-04-15 09:55:17 UTC] Unauthorized API request {"path":"/GSS/api/shared/case_workflow_snapshot.php?application_id=APP-20260211112833766"}
[2026-04-15 09:55:17 UTC] Unauthorized API request {"path":"/GSS/api/shared/candidate_report_get.php?application_id=APP-20260211112833766"}
[2026-04-15 09:55:26 UTC] Unauthorized API request {"path":"/GSS/api/shared/case_workflow_snapshot.php?application_id=APP-20260211125723738"}
[2026-04-15 09:55:26 UTC] Unauthorized API request {"path":"/GSS/api/shared/candidate_report_get.php?application_id=APP-20260211125723738"}
[2026-04-15 10:04:41 UTC] Unauthorized API request {"path":"/GSS/api/shared/case_workflow_snapshot.php?application_id=APP-20260211125723738"}
[2026-04-15 10:04:41 UTC] Unauthorized API request {"path":"/GSS/api/shared/candidate_report_get.php?application_id=APP-20260211125723738"}
[2026-04-15 10:28:47 UTC] Unauthorized API request {"path":"/GSS/api/shared/case_workflow_snapshot.php?application_id=APP-20260409152306290"}
[2026-04-15 10:28:47 UTC] Unauthorized API request {"path":"/GSS/api/shared/candidate_report_get.php?application_id=APP-20260409152306290"}
[2026-04-15 10:28:56 UTC] Unauthorized API request {"path":"/GSS/api/shared/case_workflow_snapshot.php?application_id=APP-20260211125723738"}
[2026-04-15 10:28:56 UTC] Unauthorized API request {"path":"/GSS/api/shared/candidate_report_get.php?application_id=APP-20260211125723738"}
[2026-04-15 10:36:58 UTC] Unauthorized API request {"path":"/GSS/api/shared/case_workflow_snapshot.php?application_id=APP-20260211120135542"}
[2026-04-15 10:36:59 UTC] Unauthorized API request {"path":"/GSS/api/shared/candidate_report_get.php?application_id=APP-20260211120135542"}
[2026-04-15 10:37:13 UTC] Unauthorized API request {"path":"/GSS/api/shared/case_workflow_snapshot.php?application_id=APP-20260211120135542"}
[2026-04-15 10:37:13 UTC] Unauthorized API request {"path":"/GSS/api/shared/candidate_report_get.php?application_id=APP-20260211120135542"}
[2026-04-15 10:44:32 UTC] Unauthorized API request {"path":"/GSS/api/shared/case_workflow_snapshot.php?application_id=APP-20260409152306290"}
[2026-04-15 10:44:32 UTC] Unauthorized API request {"path":"/GSS/api/shared/candidate_report_get.php?application_id=APP-20260409152306290"}
[2026-04-15 10:44:50 UTC] Unauthorized API request {"path":"/GSS/api/shared/case_workflow_snapshot.php?application_id=APP-20260211125723738"}
[2026-04-15 10:44:50 UTC] Unauthorized API request {"path":"/GSS/api/shared/candidate_report_get.php?application_id=APP-20260211125723738"}
[2026-04-15 10:45:08 UTC] Unauthorized API request {"path":"/GSS/api/shared/case_workflow_snapshot.php?application_id=APP-20260211125723738"}
[2026-04-15 10:45:08 UTC] Unauthorized API request {"path":"/GSS/api/shared/candidate_report_get.php?application_id=APP-20260211125723738"}
[2026-04-15 10:48:17 UTC] Unauthorized API request {"path":"/GSS/api/shared/case_workflow_snapshot.php?application_id=APP-20260211120135542"}
[2026-04-15 10:48:17 UTC] Unauthorized API request {"path":"/GSS/api/shared/candidate_report_get.php?application_id=APP-20260211120135542"}
[2026-04-15 10:48:38 UTC] Unauthorized API request {"path":"/GSS/api/shared/case_workflow_snapshot.php?application_id=APP-20260211125723738"}
[2026-04-15 10:48:38 UTC] Unauthorized API request {"path":"/GSS/api/shared/candidate_report_get.php?application_id=APP-20260211125723738"}
[2026-04-15 11:00:00 UTC] Unauthorized API request {"path":"/GSS/api/shared/case_workflow_snapshot.php?application_id=APP-20260211120135542"}
[2026-04-15 11:00:00 UTC] Unauthorized API request {"path":"/GSS/api/shared/candidate_report_get.php?application_id=APP-20260211120135542"}
[2026-04-15 11:00:09 UTC] Unauthorized API request {"path":"/GSS/api/shared/case_workflow_snapshot.php?application_id=APP-20260211120135542"}
[2026-04-15 11:00:09 UTC] Unauthorized API request {"path":"/GSS/api/shared/candidate_report_get.php?application_id=APP-20260211120135542"}
[2026-04-15 12:27:24 UTC] Unauthorized API request {"path":"/GSS/api/shared/my_assigned_applications.php"}
[2026-04-15 12:28:06 UTC] Unauthorized API request {"path":"/GSS/api/shared/my_assigned_applications.php"}
[2026-04-15 12:28:09 UTC] Unauthorized API request {"path":"/GSS/api/shared/my_assigned_applications.php"}
[2026-04-15 12:28:47 UTC] Unauthorized API request {"path":"/GSS/api/shared/my_assigned_applications.php"}
[2026-04-15 12:28:50 UTC] Unauthorized API request {"path":"/GSS/api/shared/my_assigned_applications.php"}
[2026-04-15 12:29:08 UTC] Unauthorized API request {"path":"/GSS/api/shared/my_assigned_applications.php"}
[2026-04-15 12:29:12 UTC] Unauthorized API request {"path":"/GSS/api/shared/my_assigned_applications.php"}
[2026-04-15 12:32:34 UTC] Unauthorized API request {"path":"/GSS/api/shared/my_assigned_applications.php"}
[2026-04-15 12:32:42 UTC] Unauthorized API request {"path":"/GSS/api/shared/my_assigned_applications.php"}
[2026-04-15 12:32:48 UTC] Unauthorized API request {"path":"/GSS/api/shared/my_assigned_applications.php"}
[2026-04-15 12:32:51 UTC] Unauthorized API request {"path":"/GSS/api/shared/my_assigned_applications.php"}
[2026-04-15 12:41:05 UTC] Unauthorized API request {"path":"/GSS/api/shared/my_assigned_applications.php"}
[2026-04-15 12:41:11 UTC] Unauthorized API request {"path":"/GSS/api/shared/my_assigned_applications.php"}
[2026-04-15 12:41:11 UTC] Unauthorized API request {"path":"/GSS/api/shared/case_workflow_snapshot.php?application_id=APP-20260211120135542"}
[2026-04-15 12:41:11 UTC] Unauthorized API request {"path":"/GSS/api/shared/candidate_report_get.php?application_id=APP-20260211120135542"}
[2026-04-15 12:41:19 UTC] Unauthorized API request {"path":"/GSS/api/shared/my_assigned_applications.php"}
[2026-04-15 12:41:25 UTC] Unauthorized API request {"path":"/GSS/api/shared/my_assigned_applications.php"}
[2026-04-15 12:41:25 UTC] Unauthorized API request {"path":"/GSS/api/shared/case_workflow_snapshot.php?application_id=APP-20260409152306290"}
[2026-04-15 12:41:26 UTC] Unauthorized API request {"path":"/GSS/api/shared/candidate_report_get.php?application_id=APP-20260409152306290"}
[2026-04-15 12:41:28 UTC] Unauthorized API request {"path":"/GSS/api/shared/my_assigned_applications.php"}
[2026-04-15 12:41:30 UTC] Unauthorized API request {"path":"/GSS/api/shared/my_assigned_applications.php"}
[2026-04-15 12:41:30 UTC] Unauthorized API request {"path":"/GSS/api/shared/case_workflow_snapshot.php?application_id=APP-20260211125723738"}
[2026-04-15 12:41:30 UTC] Unauthorized API request {"path":"/GSS/api/shared/candidate_report_get.php?application_id=APP-20260211125723738"}
[2026-04-15 12:50:58 UTC] Unauthorized API request {"path":"/GSS/api/shared/case_timeline_list.php?application_id=APP-20260409152306290"}
[2026-04-15 12:58:18 UTC] Unauthorized API request {"path":"/GSS/api/shared/my_assigned_applications.php"}
[2026-04-15 12:58:18 UTC] Unauthorized API request {"path":"/GSS/api/shared/case_workflow_snapshot.php?application_id=APP-20260211125723738"}
[2026-04-15 12:58:18 UTC] Unauthorized API request {"path":"/GSS/api/shared/candidate_report_get.php?application_id=APP-20260211125723738"}
[2026-04-15 12:58:31 UTC] Unauthorized API request {"path":"/GSS/api/shared/my_assigned_applications.php"}
[2026-04-15 12:58:33 UTC] Unauthorized API request {"path":"/GSS/api/shared/my_assigned_applications.php"}
[2026-04-15 12:58:33 UTC] Unauthorized API request {"path":"/GSS/api/shared/case_workflow_snapshot.php?application_id=APP-20260211125723738"}
[2026-04-15 12:58:33 UTC] Unauthorized API request {"path":"/GSS/api/shared/candidate_report_get.php?application_id=APP-20260211125723738"}
[2026-04-15 13:03:47 UTC] Unauthorized API request {"path":"/GSS/api/shared/my_assigned_applications.php"}
[2026-04-15 13:03:47 UTC] Unauthorized API request {"path":"/GSS/api/shared/case_workflow_snapshot.php?application_id=APP-20260211125723738"}
[2026-04-15 13:03:47 UTC] Unauthorized API request {"path":"/GSS/api/shared/candidate_report_get.php?application_id=APP-20260211125723738"}
[2026-04-15 13:03:58 UTC] Unauthorized API request {"path":"/GSS/api/shared/my_assigned_applications.php"}
[2026-04-15 13:07:21 UTC] Unauthorized API request {"path":"/GSS/api/shared/my_assigned_applications.php"}
[2026-04-15 13:07:21 UTC] Unauthorized API request {"path":"/GSS/api/shared/case_workflow_snapshot.php?application_id=APP-20260211120135542"}
[2026-04-15 13:07:21 UTC] Unauthorized API request {"path":"/GSS/api/shared/candidate_report_get.php?application_id=APP-20260211120135542"}
[2026-04-15 13:09:01 UTC] Unauthorized API request {"path":"/GSS/api/shared/my_assigned_applications.php"}
[2026-04-15 13:09:22 UTC] Unauthorized API request {"path":"/GSS/api/shared/my_assigned_applications.php"}
[2026-04-15 13:09:27 UTC] Unauthorized API request {"path":"/GSS/api/shared/my_assigned_applications.php"}
[2026-04-15 13:09:27 UTC] Unauthorized API request {"path":"/GSS/api/shared/case_workflow_snapshot.php?application_id=APP-20260211120135542"}
[2026-04-15 13:09:27 UTC] Unauthorized API request {"path":"/GSS/api/shared/candidate_report_get.php?application_id=APP-20260211120135542"}
[2026-04-15 13:09:30 UTC] Unauthorized API request {"path":"/GSS/api/shared/my_assigned_applications.php"}
[2026-04-15 13:09:32 UTC] Unauthorized API request {"path":"/GSS/api/shared/my_assigned_applications.php"}
[2026-04-15 13:09:32 UTC] Unauthorized API request {"path":"/GSS/api/shared/case_workflow_snapshot.php?application_id=APP-20260211125723738"}
[2026-04-15 13:09:32 UTC] Unauthorized API request {"path":"/GSS/api/shared/candidate_report_get.php?application_id=APP-20260211125723738"}
[2026-04-15 13:10:15 UTC] Unauthorized API request {"path":"/GSS/api/shared/my_assigned_applications.php"}
[2026-04-15 13:10:41 UTC] Unauthorized API request {"path":"/GSS/api/shared/my_assigned_applications.php"}
[2026-04-15 13:12:56 UTC] Unauthorized API request {"path":"/GSS/api/shared/my_assigned_applications.php"}
[2026-04-15 13:12:57 UTC] Unauthorized API request {"path":"/GSS/api/shared/case_workflow_snapshot.php?application_id=APP-20260211125723738"}
[2026-04-15 13:12:57 UTC] Unauthorized API request {"path":"/GSS/api/shared/candidate_report_get.php?application_id=APP-20260211125723738"}
[2026-04-15 13:14:30 UTC] Unauthorized API request {"path":"/GSS/api/shared/my_assigned_applications.php"}
[2026-04-15 13:14:34 UTC] Unauthorized API request {"path":"/GSS/api/shared/my_assigned_applications.php"}
[2026-04-15 13:14:34 UTC] Unauthorized API request {"path":"/GSS/api/shared/case_workflow_snapshot.php?application_id=APP-20260211120135542"}
[2026-04-15 13:14:34 UTC] Unauthorized API request {"path":"/GSS/api/shared/candidate_report_get.php?application_id=APP-20260211120135542"}
[2026-04-15 13:14:38 UTC] Unauthorized API request {"path":"/GSS/api/shared/my_assigned_applications.php"}
[2026-04-15 13:14:41 UTC] Unauthorized API request {"path":"/GSS/api/shared/my_assigned_applications.php"}
[2026-04-15 13:14:41 UTC] Unauthorized API request {"path":"/GSS/api/shared/case_workflow_snapshot.php?application_id=APP-20260211125723738"}
[2026-04-15 13:14:41 UTC] Unauthorized API request {"path":"/GSS/api/shared/candidate_report_get.php?application_id=APP-20260211125723738"}
[2026-04-15 13:16:51 UTC] Unauthorized API request {"path":"/GSS/api/shared/my_assigned_applications.php"}
[2026-04-15 13:16:51 UTC] Unauthorized API request {"path":"/GSS/api/shared/case_workflow_snapshot.php?application_id=APP-20260211125723738"}
[2026-04-15 13:16:51 UTC] Unauthorized API request {"path":"/GSS/api/shared/candidate_report_get.php?application_id=APP-20260211125723738"}
[2026-04-15 13:18:47 UTC] Unauthorized API request {"path":"/GSS/api/shared/my_assigned_applications.php"}
[2026-04-15 13:18:47 UTC] Unauthorized API request {"path":"/GSS/api/shared/case_workflow_snapshot.php?application_id=APP-20260211125723738"}
[2026-04-15 13:18:47 UTC] Unauthorized API request {"path":"/GSS/api/shared/candidate_report_get.php?application_id=APP-20260211125723738"}
[2026-04-16 07:36:06 UTC] Unauthorized API request {"path":"/GSS/api/shared/candidate_report_get.php?application_id=APP-20260409152306290"}
[2026-04-16 07:37:13 UTC] Unauthorized API request {"path":"/GSS/api/shared/my_assigned_applications.php"}
[2026-04-16 07:37:38 UTC] Unauthorized API request {"path":"/GSS/api/shared/my_assigned_applications.php"}
[2026-04-16 07:37:38 UTC] Unauthorized API request {"path":"/GSS/api/shared/case_workflow_snapshot.php?application_id=APP-20260211125723738"}
[2026-04-16 07:37:38 UTC] Unauthorized API request {"path":"/GSS/api/shared/candidate_report_get.php?application_id=APP-20260211125723738"}
[2026-04-16 07:37:42 UTC] Unauthorized API request {"path":"/GSS/api/shared/my_assigned_applications.php"}
[2026-04-16 07:37:46 UTC] Unauthorized API request {"path":"/GSS/api/shared/my_assigned_applications.php"}
[2026-04-16 07:37:47 UTC] Unauthorized API request {"path":"/GSS/api/shared/my_assigned_applications.php"}
[2026-04-16 07:38:31 UTC] Unauthorized API request {"path":"/GSS/api/shared/my_assigned_applications.php"}
[2026-04-16 07:38:31 UTC] Unauthorized API request {"path":"/GSS/api/shared/case_workflow_snapshot.php?application_id=APP-20260211125723738"}
[2026-04-16 07:38:31 UTC] Unauthorized API request {"path":"/GSS/api/shared/candidate_report_get.php?application_id=APP-20260211125723738"}
[2026-04-16 07:38:51 UTC] Unauthorized API request {"path":"/GSS/api/shared/my_assigned_applications.php"}
[2026-04-16 07:38:54 UTC] Unauthorized API request {"path":"/GSS/api/shared/my_assigned_applications.php"}
[2026-04-16 07:38:54 UTC] Unauthorized API request {"path":"/GSS/api/shared/case_workflow_snapshot.php?application_id=APP-20260409152306290"}
[2026-04-16 07:38:54 UTC] Unauthorized API request {"path":"/GSS/api/shared/candidate_report_get.php?application_id=APP-20260409152306290"}
[2026-04-16 07:38:58 UTC] Unauthorized API request {"path":"/GSS/api/shared/my_assigned_applications.php"}
[2026-04-16 07:39:07 UTC] Unauthorized API request {"path":"/GSS/api/shared/my_assigned_applications.php"}
[2026-04-16 07:39:07 UTC] Unauthorized API request {"path":"/GSS/api/shared/case_workflow_snapshot.php?application_id=APP-20260409085630961"}
[2026-04-16 07:39:07 UTC] Unauthorized API request {"path":"/GSS/api/shared/candidate_report_get.php?application_id=APP-20260409085630961"}
[2026-04-16 07:39:11 UTC] Unauthorized API request {"path":"/GSS/api/shared/my_assigned_applications.php"}
[2026-04-16 08:15:25 UTC] Unauthorized API request {"path":"/GSS/api/shared/candidate_report_get.php?application_id=APP-20260409085630961&t=1776327325618"}
